<?xml version="1.0" encoding="UTF-8"?>
<!-- Generated by org.testng.reporters.JUnitReportReporter -->
<testsuite hostname="EvolveVM-0" failures="0" tests="1" name="TestRunner.CucumberTestRunner" time="18.223" errors="0" timestamp="15 Aug 2024 06:25:37 GMT" skipped="0">
  <testcase classname="TestRunner.CucumberTestRunner" name="runScenario" time="18.223"/>
</testsuite> <!-- TestRunner.CucumberTestRunner -->
