<?xml version="1.0" encoding="UTF-8"?>
<!-- Generated by org.testng.reporters.JUnitReportReporter -->
<testsuite hostname="EvolveVM-1" failures="0" tests="1" name="TestRunner.CucumberTestRunner" time="20.357" errors="0" timestamp="08 Aug 2024 06:50:35 GMT" skipped="0">
  <testcase classname="TestRunner.CucumberTestRunner" name="runScenario" time="20.357"/>
</testsuite> <!-- TestRunner.CucumberTestRunner -->
